<?xml version="1.0" encoding="UTF-8"?>
<datasources xmlns="http://www.jboss.org/ironjacamar/schema" xmlns:xsi="http://www.w3.org/2001/XMLSchema-instance" xsi:schemaLocation="http://www.ironjacamar.org/doc/schema http://www.ironjacamar.org/doc/schema/datasources_1_2.xsd">
	<datasource enabled="true" jndi-name="java:jboss/datasources/arquillian" pool-name="ArquillianEmbeddedH2Pool">
		<connection-url>jdbc:h2:mem:arquillian;DB_CLOSE_DELAY=-1</connection-url>
		<driver>h2</driver>
	</datasource>
</datasources>